<?xml version="1.0" encoding="UTF-8"?>
<testng-results skipped="0" failed="1" ignored="2" total="3" passed="0">
  <reporter-output>
  </reporter-output>
  <suite name="Default suite" duration-ms="148418" started-at="2020-01-06T17:46:00 SGT" finished-at="2020-01-06T17:48:28 SGT">
    <groups>
    </groups>
    <test name="Default test" duration-ms="148418" started-at="2020-01-06T17:46:00 SGT" finished-at="2020-01-06T17:48:28 SGT">
      <class name="bluAndroid.bluAndroid.TestScripts.BluLogoutTestRunner">
        <test-method status="PASS" signature="SetUp()[pri:0, instance:bluAndroid.bluAndroid.TestScripts.BluLogoutTestRunner@7cbd213e]" name="SetUp" is-config="true" duration-ms="140" started-at="2020-01-06T17:46:00 SGT" finished-at="2020-01-06T17:46:00 SGT">
          <reporter-output>
          </reporter-output>
        </test-method> <!-- SetUp -->
        <test-method status="PASS" signature="preCondition()[pri:0, instance:bluAndroid.bluAndroid.TestScripts.BluLogoutTestRunner@7cbd213e]" name="preCondition" is-config="true" duration-ms="40709" started-at="2020-01-06T17:46:00 SGT" finished-at="2020-01-06T17:46:41 SGT">
          <reporter-output>
          </reporter-output>
        </test-method> <!-- preCondition -->
        <test-method status="FAIL" signature="tc03_deactivateAccount()[pri:0, instance:bluAndroid.bluAndroid.TestScripts.BluLogoutTestRunner@7cbd213e]" name="tc03_deactivateAccount" duration-ms="105837" started-at="2020-01-06T17:46:41 SGT" finished-at="2020-01-06T17:48:27 SGT">
          <exception class="java.lang.IndexOutOfBoundsException">
            <message>
              <![CDATA[Index: 0, Size: 0]]>
            </message>
            <full-stacktrace>
              <![CDATA[java.lang.IndexOutOfBoundsException: Index: 0, Size: 0
at java.util.ArrayList.rangeCheck(Unknown Source)
at java.util.ArrayList.get(Unknown Source)
at bluAndroid.bluAndroid.TestScripts.BluLogoutTestRunner.swipeInListFromLastToFirst(BluLogoutTestRunner.java:94)
at bluAndroid.bluAndroid.TestScripts.BluLogoutTestRunner.tc03_deactivateAccount(BluLogoutTestRunner.java:112)
at sun.reflect.NativeMethodAccessorImpl.invoke0(Native Method)
at sun.reflect.NativeMethodAccessorImpl.invoke(Unknown Source)
at sun.reflect.DelegatingMethodAccessorImpl.invoke(Unknown Source)
at java.lang.reflect.Method.invoke(Unknown Source)
at org.testng.internal.MethodInvocationHelper.invokeMethod(MethodInvocationHelper.java:133)
at org.testng.internal.TestInvoker.invokeMethod(TestInvoker.java:584)
at org.testng.internal.TestInvoker.invokeTestMethod(TestInvoker.java:172)
at org.testng.internal.MethodRunner.runInSequence(MethodRunner.java:46)
at org.testng.internal.TestInvoker$MethodInvocationAgent.invoke(TestInvoker.java:804)
at org.testng.internal.TestInvoker.invokeTestMethods(TestInvoker.java:145)
at org.testng.internal.TestMethodWorker.invokeTestMethods(TestMethodWorker.java:146)
at org.testng.internal.TestMethodWorker.run(TestMethodWorker.java:128)
at java.util.ArrayList.forEach(Unknown Source)
at org.testng.TestRunner.privateRun(TestRunner.java:770)
at org.testng.TestRunner.run(TestRunner.java:591)
at org.testng.SuiteRunner.runTest(SuiteRunner.java:402)
at org.testng.SuiteRunner.runSequentially(SuiteRunner.java:396)
at org.testng.SuiteRunner.privateRun(SuiteRunner.java:355)
at org.testng.SuiteRunner.run(SuiteRunner.java:304)
at org.testng.SuiteRunnerWorker.runSuite(SuiteRunnerWorker.java:53)
at org.testng.SuiteRunnerWorker.run(SuiteRunnerWorker.java:96)
at org.testng.TestNG.runSuitesSequentially(TestNG.java:1180)
at org.testng.TestNG.runSuitesLocally(TestNG.java:1102)
at org.testng.TestNG.runSuites(TestNG.java:1032)
at org.testng.TestNG.run(TestNG.java:1000)
at org.testng.remote.AbstractRemoteTestNG.run(AbstractRemoteTestNG.java:115)
at org.testng.remote.RemoteTestNG.initAndRun(RemoteTestNG.java:251)
at org.testng.remote.RemoteTestNG.main(RemoteTestNG.java:77)
]]>
            </full-stacktrace>
          </exception> <!-- java.lang.IndexOutOfBoundsException -->
          <reporter-output>
          </reporter-output>
        </test-method> <!-- tc03_deactivateAccount -->
        <test-method status="PASS" signature="getResult(org.testng.ITestResult)[pri:0, instance:bluAndroid.bluAndroid.TestScripts.BluLogoutTestRunner@7cbd213e]" name="getResult" is-config="true" duration-ms="1831" started-at="2020-01-06T17:48:27 SGT" finished-at="2020-01-06T17:48:28 SGT">
          <params>
            <param index="0">
              <value>
                <![CDATA[[TestResult name=tc03_deactivateAccount status=FAILURE method=BluLogoutTestRunner.tc03_deactivateAccount()[pri:0, instance:bluAndroid.bluAndroid.TestScripts.BluLogoutTestRunner@7cbd213e] output={null}]]]>
              </value>
            </param>
          </params>
          <reporter-output>
          </reporter-output>
        </test-method> <!-- getResult -->
        <test-method status="PASS" signature="tearDown()[pri:0, instance:bluAndroid.bluAndroid.TestScripts.BluLogoutTestRunner@7cbd213e]" name="tearDown" is-config="true" duration-ms="468" started-at="2020-01-06T17:48:28 SGT" finished-at="2020-01-06T17:48:29 SGT">
          <reporter-output>
          </reporter-output>
        </test-method> <!-- tearDown -->
      </class> <!-- bluAndroid.bluAndroid.TestScripts.BluLogoutTestRunner -->
    </test> <!-- Default test -->
  </suite> <!-- Default suite -->
</testng-results>
